93107498
1878956990
4656622119882
20564250
471856828
927906
14095332342
683478328
5221717611882
7681141578960
93107498
1878956990
4656622119882
20564250
471856828
927906
14095332342
683478328
5221717611882
7681141578960
93107498
1878956990
4656622119882
20564250
471856828
927906
14095332342
683478328
5221717611882
7681141578960
93107498
1878956990
4656622119882
20564250
471856828
927906
14095332342
683478328
5221717611882
7681141578960
93107498
1878956990
4656622119882
20564250
471856828
927906
14095332342
683478328
5221717611882
7681141578960
93107498
1878956990
4656622119882
20564250
471856828
927906
14095332342
683478328
5221717611882
7681141578960
93107498
1878956990
4656622119882
20564250
471856828
927906
14095332342
683478328
5221717611882
7681141578960
93107498
1878956990
4656622119882
20564250
471856828
927906
14095332342
683478328
5221717611882
7681141578960
93107498
1878956990
4656622119882
20564250
471856828
927906
14095332342
683478328
5221717611882
7681141578960
93107498
1878956990
4656622119882
20564250
471856828
927906
14095332342
683478328
5221717611882
7681141578960
93107498
1878956990
4656622119882
20564250
471856828
927906
14095332342
683478328
5221717611882
7681141578960
93107498
1878956990
4656622119882
20564250
471856828
927906
14095332342
683478328
5221717611882
7681141578960
93107498
1878956990
4656622119882
20564250
471856828
927906
14095332342
683478328
5221717611882
7681141578960
93107498
1878956990
4656622119882
20564250
471856828
927906
14095332342
683478328
5221717611882
7681141578960
93107498
1878956990
4656622119882
20564250
471856828
927906
14095332342
683478328
5221717611882
7681141578960
93107498
1878956990
4656622119882
20564250
471856828
927906
14095332342
683478328
5221717611882
7681141578960
93107498
1878956990
4656622119882
20564250
471856828
927906
14095332342
683478328
5221717611882
7681141578960
93107498
1878956990
4656622119882
20564250
471856828
927906
14095332342
683478328
5221717611882
7681141578960
93107498
1878956990
4656622119882
20564250
471856828
927906
14095332342
683478328
5221717611882
7681141578960
93107498
1878956990
4656622119882
20564250
471856828
927906
14095332342
683478328
5221717611882
7681141578960
