37 1
40 1
12 1
67 1
29 1
5 1
66 1
65 1
37 1
95 1
51 1
23 1
79 1
17 1
15 1
52 1
76 1
44 1
21 1
45 1
75 1
31 2
38 2
42 3
28 4
60 6
41 7
89 8
87 9
72 10
4 11
50 13
49 14
58 16
47 17
36 18
83 19
78 20
85 21
11 22
62 24
86 26
39 27
6 28
96 29
94 31
48 33
81 34
16 36
27 37
9 38
10 39
74 40
70 41
25 42
22 43
19 44
54 45
63 46
61 49
7 50
68 51
26 53
73 54
82 55
1 56
8 58
88 59
84 60
53 61
57 62
97 64
14 65
71 66
69 67
33 68
2 69
46 70
24 71
34 72
64 73
18 74
35 75
80 76
0 77
32 78
91 79
20 80
13 82
3 83
98 86
77 88
30 89
92 91
56 92
90 93
55 94
93 95
59 97
43 98
5912
